<?xml version="1.0" encoding="UTF-8"?>
<testsuite xmlns:xsi="http://www.w3.org/2001/XMLSchema-instance" xsi:noNamespaceSchemaLocation="https://maven.apache.org/surefire/maven-surefire-plugin/xsd/surefire-test-report.xsd" name="tests.TransitionInProfilePageTest" time="54.085" tests="8" errors="8" skipped="0" failures="0">
  <properties>
[...]
</properties>
  <testcase name="transitionToProfilePageWithAuthUserTest[driver: chromedriver]" classname="tests.TransitionInProfilePageTest" time="3.413">
    <error message="Expected condition failed: waiting for visibility of element located by By.xpath: .//main/div/h2[text()=&apos;Р’С…РѕРґ&apos;] (tried for 3 second(s) with 500 milliseconds interval)" type="org.openqa.selenium.TimeoutException">org.openqa.selenium.TimeoutException: Expected condition failed: waiting for visibility of element located by By.xpath: .//main/div/h2[text()='Р’С…РѕРґ'] (tried for 3 second(s) with 500 milliseconds interval)
	at tests.TransitionInProfilePageTest.transitionToProfilePageWithAuthUserTest(TransitionInProfilePageTest.java:64)
Caused by: org.openqa.selenium.NoSuchElementException: 
no such element: Unable to locate element: {"method":"xpath","selector":".//main/div/h2[text()='Р’С…РѕРґ']"}
  (Session info: chrome=114.0.5735.134)
For documentation on this error, please visit: https://www.seleniumhq.org/exceptions/no_such_element.html
Build info: version: '3.141.59', revision: 'e82be7d358', time: '2018-11-14T08:17:03'
System info: host: 'DESKTOP-MH9FH38', ip: '192.168.13.1', os.name: 'Windows 11', os.arch: 'amd64', os.version: '10.0', java.version: '11.0.18'
Driver info: org.openqa.selenium.chrome.ChromeDriver
Capabilities {acceptInsecureCerts: false, browserName: chrome, browserVersion: 114.0.5735.134, chrome: {chromedriverVersion: 114.0.5735.90 (386bc09e8f4f..., userDataDir: C:\Users\user\AppData\Local...}, goog:chromeOptions: {debuggerAddress: localhost:51734}, javascriptEnabled: true, networkConnectionEnabled: false, pageLoadStrategy: normal, platform: WINDOWS, platformName: WINDOWS, proxy: Proxy(), setWindowRect: true, strictFileInteractability: false, timeouts: {implicit: 0, pageLoad: 300000, script: 30000}, unhandledPromptBehavior: dismiss and notify, webauthn:extension:credBlob: true, webauthn:extension:largeBlob: true, webauthn:extension:minPinLength: true, webauthn:extension:prf: true, webauthn:virtualAuthenticators: true}
Session ID: 11a0417d51835348867057a8fea2a134
*** Element info: {Using=xpath, value=.//main/div/h2[text()='Р’С…РѕРґ']}
	at tests.TransitionInProfilePageTest.transitionToProfilePageWithAuthUserTest(TransitionInProfilePageTest.java:64)
</error>
    <system-err><![CDATA[Starting ChromeDriver 114.0.5735.90 (386bc09e8f4f2e025eddae123f36f6263096ae49-refs/branch-heads/5735@{#1052}) on port 7736
Only local connections are allowed.
Please see https://chromedriver.chromium.org/security-considerations for suggestions on keeping ChromeDriver safe.
ChromeDriver was started successfully.
июн. 20, 2023 3:30:46 PM org.openqa.selenium.remote.ProtocolHandshake createSession
INFO: Detected dialect: W3C
]]></system-err>
  </testcase>
  <testcase name="exitFromProfileTest[driver: chromedriver]" classname="tests.TransitionInProfilePageTest" time="3.451">
    <error message="Expected condition failed: waiting for visibility of element located by By.xpath: .//main/div/h2[text()=&apos;Р’С…РѕРґ&apos;] (tried for 3 second(s) with 500 milliseconds interval)" type="org.openqa.selenium.TimeoutException">org.openqa.selenium.TimeoutException: Expected condition failed: waiting for visibility of element located by By.xpath: .//main/div/h2[text()='Р’С…РѕРґ'] (tried for 3 second(s) with 500 milliseconds interval)
	at tests.TransitionInProfilePageTest.exitFromProfileTest(TransitionInProfilePageTest.java:94)
Caused by: org.openqa.selenium.NoSuchElementException: 
no such element: Unable to locate element: {"method":"xpath","selector":".//main/div/h2[text()='Р’С…РѕРґ']"}
  (Session info: chrome=114.0.5735.134)
For documentation on this error, please visit: https://www.seleniumhq.org/exceptions/no_such_element.html
Build info: version: '3.141.59', revision: 'e82be7d358', time: '2018-11-14T08:17:03'
System info: host: 'DESKTOP-MH9FH38', ip: '192.168.13.1', os.name: 'Windows 11', os.arch: 'amd64', os.version: '10.0', java.version: '11.0.18'
Driver info: org.openqa.selenium.chrome.ChromeDriver
Capabilities {acceptInsecureCerts: false, browserName: chrome, browserVersion: 114.0.5735.134, chrome: {chromedriverVersion: 114.0.5735.90 (386bc09e8f4f..., userDataDir: C:\Users\user\AppData\Local...}, goog:chromeOptions: {debuggerAddress: localhost:51756}, javascriptEnabled: true, networkConnectionEnabled: false, pageLoadStrategy: normal, platform: WINDOWS, platformName: WINDOWS, proxy: Proxy(), setWindowRect: true, strictFileInteractability: false, timeouts: {implicit: 0, pageLoad: 300000, script: 30000}, unhandledPromptBehavior: dismiss and notify, webauthn:extension:credBlob: true, webauthn:extension:largeBlob: true, webauthn:extension:minPinLength: true, webauthn:extension:prf: true, webauthn:virtualAuthenticators: true}
Session ID: 4bceef6247cdc23068acae209ea4f6ab
*** Element info: {Using=xpath, value=.//main/div/h2[text()='Р’С…РѕРґ']}
	at tests.TransitionInProfilePageTest.exitFromProfileTest(TransitionInProfilePageTest.java:94)
</error>
    <system-err><![CDATA[Starting ChromeDriver 114.0.5735.90 (386bc09e8f4f2e025eddae123f36f6263096ae49-refs/branch-heads/5735@{#1052}) on port 51284
Only local connections are allowed.
Please see https://chromedriver.chromium.org/security-considerations for suggestions on keeping ChromeDriver safe.
ChromeDriver was started successfully.
июн. 20, 2023 3:30:52 PM org.openqa.selenium.remote.ProtocolHandshake createSession
INFO: Detected dialect: W3C
]]></system-err>
  </testcase>
  <testcase name="transitionToStellarBurgersFromProfilePageTest[driver: chromedriver]" classname="tests.TransitionInProfilePageTest" time="3.461">
    <error message="Expected condition failed: waiting for visibility of element located by By.xpath: .//main/div/h2[text()=&apos;Р’С…РѕРґ&apos;] (tried for 3 second(s) with 500 milliseconds interval)" type="org.openqa.selenium.TimeoutException">org.openqa.selenium.TimeoutException: Expected condition failed: waiting for visibility of element located by By.xpath: .//main/div/h2[text()='Р’С…РѕРґ'] (tried for 3 second(s) with 500 milliseconds interval)
	at tests.TransitionInProfilePageTest.transitionToStellarBurgersFromProfilePageTest(TransitionInProfilePageTest.java:81)
Caused by: org.openqa.selenium.NoSuchElementException: 
no such element: Unable to locate element: {"method":"xpath","selector":".//main/div/h2[text()='Р’С…РѕРґ']"}
  (Session info: chrome=114.0.5735.134)
For documentation on this error, please visit: https://www.seleniumhq.org/exceptions/no_such_element.html
Build info: version: '3.141.59', revision: 'e82be7d358', time: '2018-11-14T08:17:03'
System info: host: 'DESKTOP-MH9FH38', ip: '192.168.13.1', os.name: 'Windows 11', os.arch: 'amd64', os.version: '10.0', java.version: '11.0.18'
Driver info: org.openqa.selenium.chrome.ChromeDriver
Capabilities {acceptInsecureCerts: false, browserName: chrome, browserVersion: 114.0.5735.134, chrome: {chromedriverVersion: 114.0.5735.90 (386bc09e8f4f..., userDataDir: C:\Users\user\AppData\Local...}, goog:chromeOptions: {debuggerAddress: localhost:51778}, javascriptEnabled: true, networkConnectionEnabled: false, pageLoadStrategy: normal, platform: WINDOWS, platformName: WINDOWS, proxy: Proxy(), setWindowRect: true, strictFileInteractability: false, timeouts: {implicit: 0, pageLoad: 300000, script: 30000}, unhandledPromptBehavior: dismiss and notify, webauthn:extension:credBlob: true, webauthn:extension:largeBlob: true, webauthn:extension:minPinLength: true, webauthn:extension:prf: true, webauthn:virtualAuthenticators: true}
Session ID: 7f58469e73579a83ff27f57575bec0bf
*** Element info: {Using=xpath, value=.//main/div/h2[text()='Р’С…РѕРґ']}
	at tests.TransitionInProfilePageTest.transitionToStellarBurgersFromProfilePageTest(TransitionInProfilePageTest.java:81)
</error>
    <system-err><![CDATA[Starting ChromeDriver 114.0.5735.90 (386bc09e8f4f2e025eddae123f36f6263096ae49-refs/branch-heads/5735@{#1052}) on port 19559
Only local connections are allowed.
Please see https://chromedriver.chromium.org/security-considerations for suggestions on keeping ChromeDriver safe.
ChromeDriver was started successfully.
июн. 20, 2023 3:30:58 PM org.openqa.selenium.remote.ProtocolHandshake createSession
INFO: Detected dialect: W3C
]]></system-err>
  </testcase>
  <testcase name="transitionToProfilePageTest[driver: chromedriver]" classname="tests.TransitionInProfilePageTest" time="3.455">
    <error message="Expected condition failed: waiting for visibility of element located by By.xpath: .//main/div/h2[text()=&apos;Р’С…РѕРґ&apos;] (tried for 3 second(s) with 500 milliseconds interval)" type="org.openqa.selenium.TimeoutException">org.openqa.selenium.TimeoutException: Expected condition failed: waiting for visibility of element located by By.xpath: .//main/div/h2[text()='Р’С…РѕРґ'] (tried for 3 second(s) with 500 milliseconds interval)
	at tests.TransitionInProfilePageTest.transitionToProfilePageTest(TransitionInProfilePageTest.java:52)
Caused by: org.openqa.selenium.NoSuchElementException: 
no such element: Unable to locate element: {"method":"xpath","selector":".//main/div/h2[text()='Р’С…РѕРґ']"}
  (Session info: chrome=114.0.5735.134)
For documentation on this error, please visit: https://www.seleniumhq.org/exceptions/no_such_element.html
Build info: version: '3.141.59', revision: 'e82be7d358', time: '2018-11-14T08:17:03'
System info: host: 'DESKTOP-MH9FH38', ip: '192.168.13.1', os.name: 'Windows 11', os.arch: 'amd64', os.version: '10.0', java.version: '11.0.18'
Driver info: org.openqa.selenium.chrome.ChromeDriver
Capabilities {acceptInsecureCerts: false, browserName: chrome, browserVersion: 114.0.5735.134, chrome: {chromedriverVersion: 114.0.5735.90 (386bc09e8f4f..., userDataDir: C:\Users\user\AppData\Local...}, goog:chromeOptions: {debuggerAddress: localhost:51801}, javascriptEnabled: true, networkConnectionEnabled: false, pageLoadStrategy: normal, platform: WINDOWS, platformName: WINDOWS, proxy: Proxy(), setWindowRect: true, strictFileInteractability: false, timeouts: {implicit: 0, pageLoad: 300000, script: 30000}, unhandledPromptBehavior: dismiss and notify, webauthn:extension:credBlob: true, webauthn:extension:largeBlob: true, webauthn:extension:minPinLength: true, webauthn:extension:prf: true, webauthn:virtualAuthenticators: true}
Session ID: ea2963b00e81405ca55744e1e5320a86
*** Element info: {Using=xpath, value=.//main/div/h2[text()='Р’С…РѕРґ']}
	at tests.TransitionInProfilePageTest.transitionToProfilePageTest(TransitionInProfilePageTest.java:52)
</error>
    <system-err><![CDATA[Starting ChromeDriver 114.0.5735.90 (386bc09e8f4f2e025eddae123f36f6263096ae49-refs/branch-heads/5735@{#1052}) on port 27052
Only local connections are allowed.
Please see https://chromedriver.chromium.org/security-considerations for suggestions on keeping ChromeDriver safe.
ChromeDriver was started successfully.
июн. 20, 2023 3:31:04 PM org.openqa.selenium.remote.ProtocolHandshake createSession
INFO: Detected dialect: W3C
]]></system-err>
  </testcase>
  <testcase name="transitionToProfilePageWithAuthUserTest[driver: yandexdriver]" classname="tests.TransitionInProfilePageTest" time="3.667">
    <error message="Expected condition failed: waiting for visibility of element located by By.xpath: .//main/div/h2[text()=&apos;Р’С…РѕРґ&apos;] (tried for 3 second(s) with 500 milliseconds interval)" type="org.openqa.selenium.TimeoutException">org.openqa.selenium.TimeoutException: Expected condition failed: waiting for visibility of element located by By.xpath: .//main/div/h2[text()='Р’С…РѕРґ'] (tried for 3 second(s) with 500 milliseconds interval)
	at tests.TransitionInProfilePageTest.transitionToProfilePageWithAuthUserTest(TransitionInProfilePageTest.java:64)
Caused by: org.openqa.selenium.NoSuchElementException: 
no such element: Unable to locate element: {"method":"xpath","selector":".//main/div/h2[text()='Р’С…РѕРґ']"}
  (Session info: chrome=112.0.5615.204)
For documentation on this error, please visit: https://www.seleniumhq.org/exceptions/no_such_element.html
Build info: version: '3.141.59', revision: 'e82be7d358', time: '2018-11-14T08:17:03'
System info: host: 'DESKTOP-MH9FH38', ip: '192.168.13.1', os.name: 'Windows 11', os.arch: 'amd64', os.version: '10.0', java.version: '11.0.18'
Driver info: org.openqa.selenium.chrome.ChromeDriver
Capabilities {acceptInsecureCerts: false, browserName: chrome, browserVersion: 112.0.5615.204, chrome: {chromedriverVersion: 112.0.5615.183 (3d1b35f30c0..., userDataDir: C:\Users\user\AppData\Local...}, goog:chromeOptions: {debuggerAddress: localhost:51824}, javascriptEnabled: true, networkConnectionEnabled: false, pageLoadStrategy: normal, platform: WINDOWS, platformName: WINDOWS, proxy: Proxy(), setWindowRect: true, strictFileInteractability: false, timeouts: {implicit: 0, pageLoad: 300000, script: 30000}, unhandledPromptBehavior: dismiss and notify, webauthn:extension:credBlob: true, webauthn:extension:largeBlob: true, webauthn:extension:minPinLength: true, webauthn:extension:prf: true, webauthn:virtualAuthenticators: true}
Session ID: 21a2d6985903b765806e77899f692a14
*** Element info: {Using=xpath, value=.//main/div/h2[text()='Р’С…РѕРґ']}
	at tests.TransitionInProfilePageTest.transitionToProfilePageWithAuthUserTest(TransitionInProfilePageTest.java:64)
</error>
    <system-err><![CDATA[Starting ChromeDriver 112.0.5615.183 (3d1b35f30c03e474abe64a36fd8d79abe5a68b5e) on port 17841
Only local connections are allowed.
Please see https://chromedriver.chromium.org/security-considerations for suggestions on keeping ChromeDriver safe.
ChromeDriver was started successfully.
июн. 20, 2023 3:31:11 PM org.openqa.selenium.remote.ProtocolHandshake createSession
INFO: Detected dialect: W3C
]]></system-err>
  </testcase>
  <testcase name="exitFromProfileTest[driver: yandexdriver]" classname="tests.TransitionInProfilePageTest" time="3.601">
    <error message="Expected condition failed: waiting for visibility of element located by By.xpath: .//main/div/h2[text()=&apos;Р’С…РѕРґ&apos;] (tried for 3 second(s) with 500 milliseconds interval)" type="org.openqa.selenium.TimeoutException">org.openqa.selenium.TimeoutException: Expected condition failed: waiting for visibility of element located by By.xpath: .//main/div/h2[text()='Р’С…РѕРґ'] (tried for 3 second(s) with 500 milliseconds interval)
	at tests.TransitionInProfilePageTest.exitFromProfileTest(TransitionInProfilePageTest.java:94)
Caused by: org.openqa.selenium.NoSuchElementException: 
no such element: Unable to locate element: {"method":"xpath","selector":".//main/div/h2[text()='Р’С…РѕРґ']"}
  (Session info: chrome=112.0.5615.204)
For documentation on this error, please visit: https://www.seleniumhq.org/exceptions/no_such_element.html
Build info: version: '3.141.59', revision: 'e82be7d358', time: '2018-11-14T08:17:03'
System info: host: 'DESKTOP-MH9FH38', ip: '192.168.13.1', os.name: 'Windows 11', os.arch: 'amd64', os.version: '10.0', java.version: '11.0.18'
Driver info: org.openqa.selenium.chrome.ChromeDriver
Capabilities {acceptInsecureCerts: false, browserName: chrome, browserVersion: 112.0.5615.204, chrome: {chromedriverVersion: 112.0.5615.183 (3d1b35f30c0..., userDataDir: C:\Users\user\AppData\Local...}, goog:chromeOptions: {debuggerAddress: localhost:51867}, javascriptEnabled: true, networkConnectionEnabled: false, pageLoadStrategy: normal, platform: WINDOWS, platformName: WINDOWS, proxy: Proxy(), setWindowRect: true, strictFileInteractability: false, timeouts: {implicit: 0, pageLoad: 300000, script: 30000}, unhandledPromptBehavior: dismiss and notify, webauthn:extension:credBlob: true, webauthn:extension:largeBlob: true, webauthn:extension:minPinLength: true, webauthn:extension:prf: true, webauthn:virtualAuthenticators: true}
Session ID: e26bb7c1b15dc412998d8a4779967531
*** Element info: {Using=xpath, value=.//main/div/h2[text()='Р’С…РѕРґ']}
	at tests.TransitionInProfilePageTest.exitFromProfileTest(TransitionInProfilePageTest.java:94)
</error>
    <system-err><![CDATA[Starting ChromeDriver 112.0.5615.183 (3d1b35f30c03e474abe64a36fd8d79abe5a68b5e) on port 45765
Only local connections are allowed.
Please see https://chromedriver.chromium.org/security-considerations for suggestions on keeping ChromeDriver safe.
ChromeDriver was started successfully.
июн. 20, 2023 3:31:19 PM org.openqa.selenium.remote.ProtocolHandshake createSession
INFO: Detected dialect: W3C
]]></system-err>
  </testcase>
  <testcase name="transitionToStellarBurgersFromProfilePageTest[driver: yandexdriver]" classname="tests.TransitionInProfilePageTest" time="3.603">
    <error message="Expected condition failed: waiting for visibility of element located by By.xpath: .//main/div/h2[text()=&apos;Р’С…РѕРґ&apos;] (tried for 3 second(s) with 500 milliseconds interval)" type="org.openqa.selenium.TimeoutException">org.openqa.selenium.TimeoutException: Expected condition failed: waiting for visibility of element located by By.xpath: .//main/div/h2[text()='Р’С…РѕРґ'] (tried for 3 second(s) with 500 milliseconds interval)
	at tests.TransitionInProfilePageTest.transitionToStellarBurgersFromProfilePageTest(TransitionInProfilePageTest.java:81)
Caused by: org.openqa.selenium.NoSuchElementException: 
no such element: Unable to locate element: {"method":"xpath","selector":".//main/div/h2[text()='Р’С…РѕРґ']"}
  (Session info: chrome=112.0.5615.204)
For documentation on this error, please visit: https://www.seleniumhq.org/exceptions/no_such_element.html
Build info: version: '3.141.59', revision: 'e82be7d358', time: '2018-11-14T08:17:03'
System info: host: 'DESKTOP-MH9FH38', ip: '192.168.13.1', os.name: 'Windows 11', os.arch: 'amd64', os.version: '10.0', java.version: '11.0.18'
Driver info: org.openqa.selenium.chrome.ChromeDriver
Capabilities {acceptInsecureCerts: false, browserName: chrome, browserVersion: 112.0.5615.204, chrome: {chromedriverVersion: 112.0.5615.183 (3d1b35f30c0..., userDataDir: C:\Users\user\AppData\Local...}, goog:chromeOptions: {debuggerAddress: localhost:51916}, javascriptEnabled: true, networkConnectionEnabled: false, pageLoadStrategy: normal, platform: WINDOWS, platformName: WINDOWS, proxy: Proxy(), setWindowRect: true, strictFileInteractability: false, timeouts: {implicit: 0, pageLoad: 300000, script: 30000}, unhandledPromptBehavior: dismiss and notify, webauthn:extension:credBlob: true, webauthn:extension:largeBlob: true, webauthn:extension:minPinLength: true, webauthn:extension:prf: true, webauthn:virtualAuthenticators: true}
Session ID: b142024e1b54b05dd6b58b27191850a2
*** Element info: {Using=xpath, value=.//main/div/h2[text()='Р’С…РѕРґ']}
	at tests.TransitionInProfilePageTest.transitionToStellarBurgersFromProfilePageTest(TransitionInProfilePageTest.java:81)
</error>
    <system-err><![CDATA[Starting ChromeDriver 112.0.5615.183 (3d1b35f30c03e474abe64a36fd8d79abe5a68b5e) on port 46396
Only local connections are allowed.
Please see https://chromedriver.chromium.org/security-considerations for suggestions on keeping ChromeDriver safe.
ChromeDriver was started successfully.
июн. 20, 2023 3:31:26 PM org.openqa.selenium.remote.ProtocolHandshake createSession
INFO: Detected dialect: W3C
]]></system-err>
  </testcase>
  <testcase name="transitionToProfilePageTest[driver: yandexdriver]" classname="tests.TransitionInProfilePageTest" time="3.617">
    <error message="Expected condition failed: waiting for visibility of element located by By.xpath: .//main/div/h2[text()=&apos;Р’С…РѕРґ&apos;] (tried for 3 second(s) with 500 milliseconds interval)" type="org.openqa.selenium.TimeoutException">org.openqa.selenium.TimeoutException: Expected condition failed: waiting for visibility of element located by By.xpath: .//main/div/h2[text()='Р’С…РѕРґ'] (tried for 3 second(s) with 500 milliseconds interval)
	at tests.TransitionInProfilePageTest.transitionToProfilePageTest(TransitionInProfilePageTest.java:52)
Caused by: org.openqa.selenium.NoSuchElementException: 
no such element: Unable to locate element: {"method":"xpath","selector":".//main/div/h2[text()='Р’С…РѕРґ']"}
  (Session info: chrome=112.0.5615.204)
For documentation on this error, please visit: https://www.seleniumhq.org/exceptions/no_such_element.html
Build info: version: '3.141.59', revision: 'e82be7d358', time: '2018-11-14T08:17:03'
System info: host: 'DESKTOP-MH9FH38', ip: '192.168.13.1', os.name: 'Windows 11', os.arch: 'amd64', os.version: '10.0', java.version: '11.0.18'
Driver info: org.openqa.selenium.chrome.ChromeDriver
Capabilities {acceptInsecureCerts: false, browserName: chrome, browserVersion: 112.0.5615.204, chrome: {chromedriverVersion: 112.0.5615.183 (3d1b35f30c0..., userDataDir: C:\Users\user\AppData\Local...}, goog:chromeOptions: {debuggerAddress: localhost:51964}, javascriptEnabled: true, networkConnectionEnabled: false, pageLoadStrategy: normal, platform: WINDOWS, platformName: WINDOWS, proxy: Proxy(), setWindowRect: true, strictFileInteractability: false, timeouts: {implicit: 0, pageLoad: 300000, script: 30000}, unhandledPromptBehavior: dismiss and notify, webauthn:extension:credBlob: true, webauthn:extension:largeBlob: true, webauthn:extension:minPinLength: true, webauthn:extension:prf: true, webauthn:virtualAuthenticators: true}
Session ID: 0cda30bad7042500e72f95b12f744ff5
*** Element info: {Using=xpath, value=.//main/div/h2[text()='Р’С…РѕРґ']}
	at tests.TransitionInProfilePageTest.transitionToProfilePageTest(TransitionInProfilePageTest.java:52)
</error>
    <system-err><![CDATA[Starting ChromeDriver 112.0.5615.183 (3d1b35f30c03e474abe64a36fd8d79abe5a68b5e) on port 31956
Only local connections are allowed.
Please see https://chromedriver.chromium.org/security-considerations for suggestions on keeping ChromeDriver safe.
ChromeDriver was started successfully.
июн. 20, 2023 3:31:34 PM org.openqa.selenium.remote.ProtocolHandshake createSession
INFO: Detected dialect: W3C
]]></system-err>
  </testcase>
</testsuite>